0 info it worked if it ends with ok
1 verbose cli [ '/usr/local/bin/node', '/usr/local/bin/npm', 'start' ]
2 info using npm@3.10.3
3 info using node@v6.4.0
4 verbose run-script [ 'prestart', 'start', 'poststart' ]
5 info lifecycle assignment5@1.0.0~prestart: assignment5@1.0.0
6 silly lifecycle assignment5@1.0.0~prestart: no script for prestart, continuing
7 info lifecycle assignment5@1.0.0~start: assignment5@1.0.0
8 verbose lifecycle assignment5@1.0.0~start: unsafe-perm in lifecycle true
9 verbose lifecycle assignment5@1.0.0~start: PATH: /usr/local/lib/node_modules/npm/bin/node-gyp-bin:/Users/huangzijing/Desktop/2nd Semester in SIT/CS570/labs/assignment5/node_modules/.bin:/usr/local/bin:/Users/huangzijing/Downloads/google-cloud-sdk/bin:/usr/local/bin:/usr/bin:/bin:/usr/sbin:/sbin:/Applications/Postgres.app/Contents/Versions/9.5/bin
10 verbose lifecycle assignment5@1.0.0~start: CWD: /Users/huangzijing/Desktop/2nd Semester in SIT/CS570/labs/assignment5
11 silly lifecycle assignment5@1.0.0~start: Args: [ '-c', 'node app.js' ]
12 silly lifecycle assignment5@1.0.0~start: Returned: code: 1  signal: null
13 info lifecycle assignment5@1.0.0~start: Failed to exec start script
14 verbose stack Error: assignment5@1.0.0 start: `node app.js`
14 verbose stack Exit status 1
14 verbose stack     at EventEmitter.<anonymous> (/usr/local/lib/node_modules/npm/lib/utils/lifecycle.js:242:16)
14 verbose stack     at emitTwo (events.js:106:13)
14 verbose stack     at EventEmitter.emit (events.js:191:7)
14 verbose stack     at ChildProcess.<anonymous> (/usr/local/lib/node_modules/npm/lib/utils/spawn.js:40:14)
14 verbose stack     at emitTwo (events.js:106:13)
14 verbose stack     at ChildProcess.emit (events.js:191:7)
14 verbose stack     at maybeClose (internal/child_process.js:852:16)
14 verbose stack     at Process.ChildProcess._handle.onexit (internal/child_process.js:215:5)
15 verbose pkgid assignment5@1.0.0
16 verbose cwd /Users/huangzijing/Desktop/2nd Semester in SIT/CS570/labs/assignment5
17 error Darwin 15.6.0
18 error argv "/usr/local/bin/node" "/usr/local/bin/npm" "start"
19 error node v6.4.0
20 error npm  v3.10.3
21 error code ELIFECYCLE
22 error assignment5@1.0.0 start: `node app.js`
22 error Exit status 1
23 error Failed at the assignment5@1.0.0 start script 'node app.js'.
23 error Make sure you have the latest version of node.js and npm installed.
23 error If you do, this is most likely a problem with the assignment5 package,
23 error not with npm itself.
23 error Tell the author that this fails on your system:
23 error     node app.js
23 error You can get information on how to open an issue for this project with:
23 error     npm bugs assignment5
23 error Or if that isn't available, you can get their info via:
23 error     npm owner ls assignment5
23 error There is likely additional logging output above.
24 verbose exit [ 1, true ]
